This is pdfTeX, Version 3.141592653-2.6-1.40.25 (TeX Live 2023/Debian) (preloaded format=pdflatex 2024.12.18)  12 JAN 2025 17:22
entering extended mode
 restricted \write18 enabled.
 %&-line parsing enabled.
**relazione.tex
(./relazione.tex
LaTeX2e <2023-11-01> patch level 1
L3 programming layer <2024-01-22>
(/usr/share/texlive/texmf-dist/tex/latex/base/article.cls
Document Class: article 2023/05/17 v1.4n Standard LaTeX document class
(/usr/share/texlive/texmf-dist/tex/latex/base/size10.clo
File: size10.clo 2023/05/17 v1.4n Standard LaTeX file (size option)
)
\c@part=\count187
\c@section=\count188
\c@subsection=\count189
\c@subsubsection=\count190
\c@paragraph=\count191
\c@subparagraph=\count192
\c@figure=\count193
\c@table=\count194
\abovecaptionskip=\skip48
\belowcaptionskip=\skip49
\bibindent=\dimen140
)
(/usr/share/texlive/texmf-dist/tex/latex/base/inputenc.sty
Package: inputenc 2021/02/14 v1.3d Input encoding file
\inpenc@prehook=\toks17
\inpenc@posthook=\toks18
)
(/usr/share/texlive/texmf-dist/tex/latex/geometry/geometry.sty
Package: geometry 2020/01/02 v5.9 Page Geometry

(/usr/share/texlive/texmf-dist/tex/latex/graphics/keyval.sty
Package: keyval 2022/05/29 v1.15 key=value parser (DPC)
\KV@toks@=\toks19
)
(/usr/share/texlive/texmf-dist/tex/generic/iftex/ifvtex.sty
Package: ifvtex 2019/10/25 v1.7 ifvtex legacy package. Use iftex instead.

(/usr/share/texlive/texmf-dist/tex/generic/iftex/iftex.sty
Package: iftex 2022/02/03 v1.0f TeX engine tests
))
\Gm@cnth=\count195
\Gm@cntv=\count196
\c@Gm@tempcnt=\count197
\Gm@bindingoffset=\dimen141
\Gm@wd@mp=\dimen142
\Gm@odd@mp=\dimen143
\Gm@even@mp=\dimen144
\Gm@layoutwidth=\dimen145
\Gm@layoutheight=\dimen146
\Gm@layouthoffset=\dimen147
\Gm@layoutvoffset=\dimen148
\Gm@dimlist=\toks20
)
(/usr/share/texlive/texmf-dist/tex/latex/amsmath/amsmath.sty
Package: amsmath 2023/05/13 v2.17o AMS math features
\@mathmargin=\skip50

For additional information on amsmath, use the `?' option.
(/usr/share/texlive/texmf-dist/tex/latex/amsmath/amstext.sty
Package: amstext 2021/08/26 v2.01 AMS text

(/usr/share/texlive/texmf-dist/tex/latex/amsmath/amsgen.sty
File: amsgen.sty 1999/11/30 v2.0 generic functions
\@emptytoks=\toks21
\ex@=\dimen149
))
(/usr/share/texlive/texmf-dist/tex/latex/amsmath/amsbsy.sty
Package: amsbsy 1999/11/29 v1.2d Bold Symbols
\pmbraise@=\dimen150
)
(/usr/share/texlive/texmf-dist/tex/latex/amsmath/amsopn.sty
Package: amsopn 2022/04/08 v2.04 operator names
)
\inf@bad=\count198
LaTeX Info: Redefining \frac on input line 234.
\uproot@=\count199
\leftroot@=\count266
LaTeX Info: Redefining \overline on input line 399.
LaTeX Info: Redefining \colon on input line 410.
\classnum@=\count267
\DOTSCASE@=\count268
LaTeX Info: Redefining \ldots on input line 496.
LaTeX Info: Redefining \dots on input line 499.
LaTeX Info: Redefining \cdots on input line 620.
\Mathstrutbox@=\box51
\strutbox@=\box52
LaTeX Info: Redefining \big on input line 722.
LaTeX Info: Redefining \Big on input line 723.
LaTeX Info: Redefining \bigg on input line 724.
LaTeX Info: Redefining \Bigg on input line 725.
\big@size=\dimen151
LaTeX Font Info:    Redeclaring font encoding OML on input line 743.
LaTeX Font Info:    Redeclaring font encoding OMS on input line 744.
\macc@depth=\count269
LaTeX Info: Redefining \bmod on input line 905.
LaTeX Info: Redefining \pmod on input line 910.
LaTeX Info: Redefining \smash on input line 940.
LaTeX Info: Redefining \relbar on input line 970.
LaTeX Info: Redefining \Relbar on input line 971.
\c@MaxMatrixCols=\count270
\dotsspace@=\muskip16
\c@parentequation=\count271
\dspbrk@lvl=\count272
\tag@help=\toks22
\row@=\count273
\column@=\count274
\maxfields@=\count275
\andhelp@=\toks23
\eqnshift@=\dimen152
\alignsep@=\dimen153
\tagshift@=\dimen154
\tagwidth@=\dimen155
\totwidth@=\dimen156
\lineht@=\dimen157
\@envbody=\toks24
\multlinegap=\skip51
\multlinetaggap=\skip52
\mathdisplay@stack=\toks25
LaTeX Info: Redefining \[ on input line 2953.
LaTeX Info: Redefining \] on input line 2954.
)
(/usr/share/texlive/texmf-dist/tex/latex/amsfonts/amssymb.sty
Package: amssymb 2013/01/14 v3.01 AMS font symbols

(/usr/share/texlive/texmf-dist/tex/latex/amsfonts/amsfonts.sty
Package: amsfonts 2013/01/14 v3.01 Basic AMSFonts support
\symAMSa=\mathgroup4
\symAMSb=\mathgroup5
LaTeX Font Info:    Redeclaring math symbol \hbar on input line 98.
LaTeX Font Info:    Overwriting math alphabet `\mathfrak' in version `bold'
(Font)                  U/euf/m/n --> U/euf/b/n on input line 106.
))
(/usr/share/texlive/texmf-dist/tex/latex/graphics/graphicx.sty
Package: graphicx 2021/09/16 v1.2d Enhanced LaTeX Graphics (DPC,SPQR)

(/usr/share/texlive/texmf-dist/tex/latex/graphics/graphics.sty
Package: graphics 2022/03/10 v1.4e Standard LaTeX Graphics (DPC,SPQR)

(/usr/share/texlive/texmf-dist/tex/latex/graphics/trig.sty
Package: trig 2021/08/11 v1.11 sin cos tan (DPC)
)
(/usr/share/texlive/texmf-dist/tex/latex/graphics-cfg/graphics.cfg
File: graphics.cfg 2016/06/04 v1.11 sample graphics configuration
)
Package graphics Info: Driver file: pdftex.def on input line 107.

(/usr/share/texlive/texmf-dist/tex/latex/graphics-def/pdftex.def
File: pdftex.def 2022/09/22 v1.2b Graphics/color driver for pdftex
))
\Gin@req@height=\dimen158
\Gin@req@width=\dimen159
)
(/usr/share/texlive/texmf-dist/tex/latex/caption/subcaption.sty
Package: subcaption 2023/07/28 v1.6b Sub-captions (AR)

(/usr/share/texlive/texmf-dist/tex/latex/caption/caption.sty
Package: caption 2023/08/05 v3.6o Customizing captions (AR)

(/usr/share/texlive/texmf-dist/tex/latex/caption/caption3.sty
Package: caption3 2023/07/31 v2.4d caption3 kernel (AR)
\caption@tempdima=\dimen160
\captionmargin=\dimen161
\caption@leftmargin=\dimen162
\caption@rightmargin=\dimen163
\caption@width=\dimen164
\caption@indent=\dimen165
\caption@parindent=\dimen166
\caption@hangindent=\dimen167
Package caption Info: Standard document class detected.
)
\c@caption@flags=\count276
\c@continuedfloat=\count277
)
Package caption Info: New subtype `subfigure' on input line 238.
\c@subfigure=\count278
Package caption Info: New subtype `subtable' on input line 238.
\c@subtable=\count279
)
(/usr/share/texlive/texmf-dist/tex/latex/float/float.sty
Package: float 2001/11/08 v1.3d Float enhancements (AL)
\c@float@type=\count280
\float@exts=\toks26
\float@box=\box53
\@float@everytoks=\toks27
\@floatcapt=\box54
)
(/usr/share/texlive/texmf-dist/tex/latex/gensymb/gensymb.sty
Package: gensymb 2022/10/17 v1.0.2 (KJH)
)
(/usr/share/texlive/texmf-dist/tex/latex/hyperref/hyperref.sty
Package: hyperref 2024-01-20 v7.01h Hypertext links for LaTeX

(/usr/share/texlive/texmf-dist/tex/latex/kvsetkeys/kvsetkeys.sty
Package: kvsetkeys 2022-10-05 v1.19 Key value parser (HO)
)
(/usr/share/texlive/texmf-dist/tex/generic/kvdefinekeys/kvdefinekeys.sty
Package: kvdefinekeys 2019-12-19 v1.6 Define keys (HO)
)
(/usr/share/texlive/texmf-dist/tex/generic/pdfescape/pdfescape.sty
Package: pdfescape 2019/12/09 v1.15 Implements pdfTeX's escape features (HO)

(/usr/share/texlive/texmf-dist/tex/generic/ltxcmds/ltxcmds.sty
Package: ltxcmds 2023-12-04 v1.26 LaTeX kernel commands for general use (HO)
)
(/usr/share/texlive/texmf-dist/tex/generic/pdftexcmds/pdftexcmds.sty
Package: pdftexcmds 2020-06-27 v0.33 Utility functions of pdfTeX for LuaTeX (HO
)

(/usr/share/texlive/texmf-dist/tex/generic/infwarerr/infwarerr.sty
Package: infwarerr 2019/12/03 v1.5 Providing info/warning/error messages (HO)
)
Package pdftexcmds Info: \pdf@primitive is available.
Package pdftexcmds Info: \pdf@ifprimitive is available.
Package pdftexcmds Info: \pdfdraftmode found.
))
(/usr/share/texlive/texmf-dist/tex/latex/hycolor/hycolor.sty
Package: hycolor 2020-01-27 v1.10 Color options for hyperref/bookmark (HO)
)
(/usr/share/texlive/texmf-dist/tex/latex/auxhook/auxhook.sty
Package: auxhook 2019-12-17 v1.6 Hooks for auxiliary files (HO)
)
(/usr/share/texlive/texmf-dist/tex/latex/hyperref/nameref.sty
Package: nameref 2023-11-26 v2.56 Cross-referencing by name of section

(/usr/share/texlive/texmf-dist/tex/latex/refcount/refcount.sty
Package: refcount 2019/12/15 v3.6 Data extraction from label references (HO)
)
(/usr/share/texlive/texmf-dist/tex/generic/gettitlestring/gettitlestring.sty
Package: gettitlestring 2019/12/15 v1.6 Cleanup title references (HO)

(/usr/share/texlive/texmf-dist/tex/latex/kvoptions/kvoptions.sty
Package: kvoptions 2022-06-15 v3.15 Key value format for package options (HO)
))
\c@section@level=\count281
)
(/usr/share/texlive/texmf-dist/tex/latex/etoolbox/etoolbox.sty
Package: etoolbox 2020/10/05 v2.5k e-TeX tools for LaTeX (JAW)
\etb@tempcnta=\count282
)
\@linkdim=\dimen168
\Hy@linkcounter=\count283
\Hy@pagecounter=\count284

(/usr/share/texlive/texmf-dist/tex/latex/hyperref/pd1enc.def
File: pd1enc.def 2024-01-20 v7.01h Hyperref: PDFDocEncoding definition (HO)
Now handling font encoding PD1 ...
... no UTF-8 mapping file for font encoding PD1
)
(/usr/share/texlive/texmf-dist/tex/generic/intcalc/intcalc.sty
Package: intcalc 2019/12/15 v1.3 Expandable calculations with integers (HO)
)
\Hy@SavedSpaceFactor=\count285

(/usr/share/texlive/texmf-dist/tex/latex/hyperref/puenc.def
File: puenc.def 2024-01-20 v7.01h Hyperref: PDF Unicode definition (HO)
Now handling font encoding PU ...
... no UTF-8 mapping file for font encoding PU
)
Package hyperref Info: Hyper figures OFF on input line 4179.
Package hyperref Info: Link nesting OFF on input line 4184.
Package hyperref Info: Hyper index ON on input line 4187.
Package hyperref Info: Plain pages OFF on input line 4194.
Package hyperref Info: Backreferencing OFF on input line 4199.
Package hyperref Info: Implicit mode ON; LaTeX internals redefined.
Package hyperref Info: Bookmarks ON on input line 4446.
\c@Hy@tempcnt=\count286

(/usr/share/texlive/texmf-dist/tex/latex/url/url.sty
\Urlmuskip=\muskip17
Package: url 2013/09/16  ver 3.4  Verb mode for urls, etc.
)
LaTeX Info: Redefining \url on input line 4784.
\XeTeXLinkMargin=\dimen169

(/usr/share/texlive/texmf-dist/tex/generic/bitset/bitset.sty
Package: bitset 2019/12/09 v1.3 Handle bit-vector datatype (HO)

(/usr/share/texlive/texmf-dist/tex/generic/bigintcalc/bigintcalc.sty
Package: bigintcalc 2019/12/15 v1.5 Expandable calculations on big integers (HO
)
))
\Fld@menulength=\count287
\Field@Width=\dimen170
\Fld@charsize=\dimen171
Package hyperref Info: Hyper figures OFF on input line 6063.
Package hyperref Info: Link nesting OFF on input line 6068.
Package hyperref Info: Hyper index ON on input line 6071.
Package hyperref Info: backreferencing OFF on input line 6078.
Package hyperref Info: Link coloring OFF on input line 6083.
Package hyperref Info: Link coloring with OCG OFF on input line 6088.
Package hyperref Info: PDF/A mode OFF on input line 6093.

(/usr/share/texlive/texmf-dist/tex/latex/base/atbegshi-ltx.sty
Package: atbegshi-ltx 2021/01/10 v1.0c Emulation of the original atbegshi
package with kernel methods
)
\Hy@abspage=\count288
\c@Item=\count289
\c@Hfootnote=\count290
)
Package hyperref Info: Driver (autodetected): hpdftex.

(/usr/share/texlive/texmf-dist/tex/latex/hyperref/hpdftex.def
File: hpdftex.def 2024-01-20 v7.01h Hyperref driver for pdfTeX

(/usr/share/texlive/texmf-dist/tex/latex/base/atveryend-ltx.sty
Package: atveryend-ltx 2020/08/19 v1.0a Emulation of the original atveryend pac
kage
with kernel methods
)
\Fld@listcount=\count291
\c@bookmark@seq@number=\count292

(/usr/share/texlive/texmf-dist/tex/latex/rerunfilecheck/rerunfilecheck.sty
Package: rerunfilecheck 2022-07-10 v1.10 Rerun checks for auxiliary files (HO)

(/usr/share/texlive/texmf-dist/tex/generic/uniquecounter/uniquecounter.sty
Package: uniquecounter 2019/12/15 v1.4 Provide unlimited unique counter (HO)
)
Package uniquecounter Info: New unique counter `rerunfilecheck' on input line 2
85.
)
\Hy@SectionHShift=\skip53
)
Package hyperref Info: Option `colorlinks' set `true' on input line 19.

(/usr/share/texlive/texmf-dist/tex/latex/l3backend/l3backend-pdftex.def
File: l3backend-pdftex.def 2024-01-04 L3 backend support: PDF output (pdfTeX)
\l__color_backend_stack_int=\count293
\l__pdf_internal_box=\box55
)
(./relazione.aux

LaTeX Warning: Label `fig:etichetta' multiply defined.


LaTeX Warning: Label `fig:etichetta' multiply defined.


LaTeX Warning: Label `fig:etichetta' multiply defined.


LaTeX Warning: Label `fig:etichetta' multiply defined.


LaTeX Warning: Label `fig:etichetta' multiply defined.


LaTeX Warning: Label `fig:etichetta' multiply defined.


LaTeX Warning: Label `fig:etichetta' multiply defined.


LaTeX Warning: Label `fig:etichetta' multiply defined.

)
\openout1 = `relazione.aux'.

LaTeX Font Info:    Checking defaults for OML/cmm/m/it on input line 31.
LaTeX Font Info:    ... okay on input line 31.
LaTeX Font Info:    Checking defaults for OMS/cmsy/m/n on input line 31.
LaTeX Font Info:    ... okay on input line 31.
LaTeX Font Info:    Checking defaults for OT1/cmr/m/n on input line 31.
LaTeX Font Info:    ... okay on input line 31.
LaTeX Font Info:    Checking defaults for T1/cmr/m/n on input line 31.
LaTeX Font Info:    ... okay on input line 31.
LaTeX Font Info:    Checking defaults for TS1/cmr/m/n on input line 31.
LaTeX Font Info:    ... okay on input line 31.
LaTeX Font Info:    Checking defaults for OMX/cmex/m/n on input line 31.
LaTeX Font Info:    ... okay on input line 31.
LaTeX Font Info:    Checking defaults for U/cmr/m/n on input line 31.
LaTeX Font Info:    ... okay on input line 31.
LaTeX Font Info:    Checking defaults for PD1/pdf/m/n on input line 31.
LaTeX Font Info:    ... okay on input line 31.
LaTeX Font Info:    Checking defaults for PU/pdf/m/n on input line 31.
LaTeX Font Info:    ... okay on input line 31.

*geometry* driver: auto-detecting
*geometry* detected driver: pdftex
*geometry* verbose mode - [ preamble ] result:
* driver: pdftex
* paper: a4paper
* layout: <same size as paper>
* layoutoffset:(h,v)=(0.0pt,0.0pt)
* modes: 
* h-part:(L,W,R)=(56.9055pt, 483.69687pt, 56.9055pt)
* v-part:(T,H,B)=(101.40665pt, 591.5302pt, 152.11pt)
* \paperwidth=597.50787pt
* \paperheight=845.04684pt
* \textwidth=483.69687pt
* \textheight=591.5302pt
* \oddsidemargin=-15.36449pt
* \evensidemargin=-15.36449pt
* \topmargin=-7.86334pt
* \headheight=12.0pt
* \headsep=25.0pt
* \topskip=10.0pt
* \footskip=30.0pt
* \marginparwidth=57.0pt
* \marginparsep=11.0pt
* \columnsep=10.0pt
* \skip\footins=9.0pt plus 4.0pt minus 2.0pt
* \hoffset=0.0pt
* \voffset=0.0pt
* \mag=1000
* \@twocolumnfalse
* \@twosidefalse
* \@mparswitchfalse
* \@reversemarginfalse
* (1in=72.27pt=25.4mm, 1cm=28.453pt)

(/usr/share/texlive/texmf-dist/tex/context/base/mkii/supp-pdf.mkii
[Loading MPS to PDF converter (version 2006.09.02).]
\scratchcounter=\count294
\scratchdimen=\dimen172
\scratchbox=\box56
\nofMPsegments=\count295
\nofMParguments=\count296
\everyMPshowfont=\toks28
\MPscratchCnt=\count297
\MPscratchDim=\dimen173
\MPnumerator=\count298
\makeMPintoPDFobject=\count299
\everyMPtoPDFconversion=\toks29
) (/usr/share/texlive/texmf-dist/tex/latex/epstopdf-pkg/epstopdf-base.sty
Package: epstopdf-base 2020-01-24 v2.11 Base part for package epstopdf
Package epstopdf-base Info: Redefining graphics rule for `.eps' on input line 4
85.

(/usr/share/texlive/texmf-dist/tex/latex/latexconfig/epstopdf-sys.cfg
File: epstopdf-sys.cfg 2010/07/13 v1.3 Configuration of (r)epstopdf for TeX Liv
e
))
Package caption Info: Begin \AtBeginDocument code.
Package caption Info: float package is loaded.
Package caption Info: hyperref package is loaded.
Package caption Info: End \AtBeginDocument code.
LaTeX Info: Redefining \celsius on input line 31.
Package gensymb Info: Faking symbols for \degree and \celsius on input line 31.



Package gensymb Warning: Not defining \perthousand.

LaTeX Info: Redefining \ohm on input line 31.
Package gensymb Info: Using \Omega for \ohm on input line 31.

Package gensymb Warning: Not defining \micro.

(/usr/share/texlive/texmf-dist/tex/latex/graphics/color.sty
Package: color 2022/01/06 v1.3d Standard LaTeX Color (DPC)

(/usr/share/texlive/texmf-dist/tex/latex/graphics-cfg/color.cfg
File: color.cfg 2016/01/02 v1.6 sample color configuration
)
Package color Info: Driver file: pdftex.def on input line 149.

(/usr/share/texlive/texmf-dist/tex/latex/graphics/mathcolor.ltx))
Package hyperref Info: Link coloring ON on input line 31.

(./relazione.out) (./relazione.out)
\@outlinefile=\write3
\openout3 = `relazione.out'.

LaTeX Font Info:    Trying to load font information for U+msa on input line 34.


(/usr/share/texlive/texmf-dist/tex/latex/amsfonts/umsa.fd
File: umsa.fd 2013/01/14 v3.01 AMS symbols A
)
LaTeX Font Info:    Trying to load font information for U+msb on input line 34.


(/usr/share/texlive/texmf-dist/tex/latex/amsfonts/umsb.fd
File: umsb.fd 2013/01/14 v3.01 AMS symbols B
) (./relazione.toc
[1

{/var/lib/texmf/fonts/map/pdftex/updmap/pdftex.map}])
\tf@toc=\write4
\openout4 = `relazione.toc'.

 [2] [3

{/usr/share/texmf/fonts/enc/dvips/cm-super/cm-super-ts1.enc}] [4]
<figs/Bode_G(s).jpeg, id=244, 1606.0pt x 805.0075pt>
File: figs/Bode_G(s).jpeg Graphic file (type jpg)
<use figs/Bode_G(s).jpeg>
Package pdftex.def Info: figs/Bode_G(s).jpeg  used on input line 144.
(pdftex.def)             Requested size: 483.69687pt x 242.44994pt.
 [5 <./figs/bode_G(s).jpeg>]

Package hyperref Warning: Token not allowed in a PDF string (Unicode):
(hyperref)                removing `math shift' on input line 184.


Package hyperref Warning: Token not allowed in a PDF string (Unicode):
(hyperref)                removing `\omega' on input line 184.


Package hyperref Warning: Token not allowed in a PDF string (Unicode):
(hyperref)                removing `subscript' on input line 184.


Overfull \hbox (30.80388pt too wide) in paragraph at lines 197--199
\OT1/cmr/m/n/10 Sappiamo che se $\OML/cmm/m/it/10 d\OT1/cmr/m/n/10 (\OML/cmm/m/
it/10 t\OT1/cmr/m/n/10 )$ ^^Re una si-nu-soide di equazione $\OML/cmm/m/it/10 d
\OT1/cmr/m/n/10 (\OML/cmm/m/it/10 t\OT1/cmr/m/n/10 ) = \OML/cmm/m/it/10 Dcos\OT
1/cmr/m/n/10 (\OML/cmm/m/it/10 !t \OT1/cmr/m/n/10 + \OML/cmm/m/it/10 '\OT1/cmr/
m/n/10 )$, al-lora $\OML/cmm/m/it/10 y\OT1/cmr/m/n/10 (\OML/cmm/m/it/10 t\OT1/c
mr/m/n/10 ) = \OMS/cmsy/m/n/10 j\OML/cmm/m/it/10 S\OT1/cmr/m/n/10 (\OML/cmm/m/i
t/10 j!\OT1/cmr/m/n/10 )\OMS/cmsy/m/n/10 j\OML/cmm/m/it/10 D [] []$
 []

[6]
<figs/Bode_G(s)_patch.jpeg, id=265, 1606.0pt x 850.17625pt>
File: figs/Bode_G(s)_patch.jpeg Graphic file (type jpg)
<use figs/Bode_G(s)_patch.jpeg>
Package pdftex.def Info: figs/Bode_G(s)_patch.jpeg  used on input line 232.
(pdftex.def)             Requested size: 483.69687pt x 256.05373pt.
 [7] [8 <./figs/bode_G(s)_patch.jpeg>]
<figs/Bode_G(s)_estesa.jpeg, id=282, 1330.9725pt x 697.60625pt>
File: figs/Bode_G(s)_estesa.jpeg Graphic file (type jpg)
<use figs/Bode_G(s)_estesa.jpeg>
Package pdftex.def Info: figs/Bode_G(s)_estesa.jpeg  used on input line 268.
(pdftex.def)             Requested size: 483.69687pt x 253.5118pt.
 [9 <./figs/bode_G(s)_estesa.jpeg>]
[10]
<figs/Bode_R(s).jpeg, id=299, 1110.1475pt x 645.41125pt>
File: figs/Bode_R(s).jpeg Graphic file (type jpg)
<use figs/Bode_R(s).jpeg>
Package pdftex.def Info: figs/Bode_R(s).jpeg  used on input line 345.
(pdftex.def)             Requested size: 483.69687pt x 281.20465pt.
<figs/Bode_L(s).jpeg, id=300, 1249.66875pt x 702.625pt>
File: figs/Bode_L(s).jpeg Graphic file (type jpg)
<use figs/Bode_L(s).jpeg>
Package pdftex.def Info: figs/Bode_L(s).jpeg  used on input line 355.
(pdftex.def)             Requested size: 483.69687pt x 271.95346pt.
 [11 <./figs/bode_R(s).jpeg>]
<figs/lineare_non_disturbi.jpeg, id=309, 994.71625pt x 647.41875pt>
File: figs/lineare_non_disturbi.jpeg Graphic file (type jpg)
<use figs/lineare_non_disturbi.jpeg>
Package pdftex.def Info: figs/lineare_non_disturbi.jpeg  used on input line 367
.
(pdftex.def)             Requested size: 338.58632pt x 220.37631pt.
 [12 <./figs/bode_L(s).jpeg>]
<figs/risposta_d(t).jpeg, id=315, 994.71625pt x 647.41875pt>
File: figs/risposta_d(t).jpeg Graphic file (type jpg)
<use figs/risposta_d(t).jpeg>
Package pdftex.def Info: figs/risposta_d(t).jpeg  used on input line 380.
(pdftex.def)             Requested size: 217.66211pt x 141.66202pt.
<figs/risposta_n(t).jpeg, id=316, 865.2325pt x 602.25pt>
File: figs/risposta_n(t).jpeg Graphic file (type jpg)
<use figs/risposta_n(t).jpeg>
Package pdftex.def Info: figs/risposta_n(t).jpeg  used on input line 387.
(pdftex.def)             Requested size: 217.66211pt x 151.49947pt.
<figs/risposta_totale.jpeg, id=317, 916.42375pt x 650.43pt>
File: figs/risposta_totale.jpeg Graphic file (type jpg)
<use figs/risposta_totale.jpeg>
Package pdftex.def Info: figs/risposta_totale.jpeg  used on input line 396.
(pdftex.def)             Requested size: 483.69687pt x 343.307pt.
 [13 <./figs/lineare_non_disturbi.jpeg> <./figs/risposta_d(t).jpeg> <./figs/ris
posta_n(t).jpeg>]
<figs/rispostaNonLineare.png, id=331, 809.27344pt x 561.59813pt>
File: figs/rispostaNonLineare.png Graphic file (type png)
<use figs/rispostaNonLineare.png>
Package pdftex.def Info: figs/rispostaNonLineare.png  used on input line 409.
(pdftex.def)             Requested size: 483.69687pt x 335.66751pt.
[14 <./figs/risposta_totale.jpeg>]
<figs/grafica.jpeg, id=338, 1606.0pt x 903.375pt>
File: figs/grafica.jpeg Graphic file (type jpg)
<use figs/grafica.jpeg>
Package pdftex.def Info: figs/grafica.jpeg  used on input line 420.
(pdftex.def)             Requested size: 483.69687pt x 272.07599pt.
 [15 <./figs/rispostaNonLineare.png (PNG copy)>]
<figs/rispostaNonLineare_GradinoAmpiezza5.png, id=345, 650.43pt x 444.15938pt>
File: figs/rispostaNonLineare_GradinoAmpiezza5.png Graphic file (type png)
<use figs/rispostaNonLineare_GradinoAmpiezza5.png>
Package pdftex.def Info: figs/rispostaNonLineare_GradinoAmpiezza5.png  used on 
input line 432.
(pdftex.def)             Requested size: 217.66211pt x 148.63335pt.
<figs/rispostaNonLineare_GradinoAmpiezza50.png, id=346, 650.43pt x 444.15938pt>

File: figs/rispostaNonLineare_GradinoAmpiezza50.png Graphic file (type png)
<use figs/rispostaNonLineare_GradinoAmpiezza50.png>
Package pdftex.def Info: figs/rispostaNonLineare_GradinoAmpiezza50.png  used on
 input line 437.
(pdftex.def)             Requested size: 217.66211pt x 148.63335pt.
<figs/rispostaNonLineare_GradinoAmpiezza800.png, id=347, 650.43pt x 444.15938pt
>
File: figs/rispostaNonLineare_GradinoAmpiezza800.png Graphic file (type png)
<use figs/rispostaNonLineare_GradinoAmpiezza800.png>
Package pdftex.def Info: figs/rispostaNonLineare_GradinoAmpiezza800.png  used o
n input line 444.
(pdftex.def)             Requested size: 217.66211pt x 148.63335pt.
<figs/rispostaNonLineare_GradinoAmpiezza100.png, id=348, 650.43pt x 444.15938pt
>
File: figs/rispostaNonLineare_GradinoAmpiezza100.png Graphic file (type png)
<use figs/rispostaNonLineare_GradinoAmpiezza100.png>
Package pdftex.def Info: figs/rispostaNonLineare_GradinoAmpiezza100.png  used o
n input line 449.
(pdftex.def)             Requested size: 217.66211pt x 148.63335pt.
<figs/rispostaNonLineare_GradinoAmpiezza1000.png, id=349, 650.43pt x 444.15938p
t>
File: figs/rispostaNonLineare_GradinoAmpiezza1000.png Graphic file (type png)
<use figs/rispostaNonLineare_GradinoAmpiezza1000.png>
Package pdftex.def Info: figs/rispostaNonLineare_GradinoAmpiezza1000.png  used 
on input line 455.
(pdftex.def)             Requested size: 241.84843pt x 165.14966pt.
 [16 <./figs/grafica.jpeg>] [17 <./figs/rispostaNonLineare_GradinoAmpiezza5.png
 (PNG copy)> <./figs/rispostaNonLineare_GradinoAmpiezza50.png (PNG copy)> <./fi
gs/rispostaNonLineare_GradinoAmpiezza800.png (PNG copy)> <./figs/rispostaNonLin
eare_GradinoAmpiezza100.png (PNG copy)> <./figs/rispostaNonLineare_GradinoAmpie
zza1000.png (PNG copy)>]
Underfull \hbox (badness 10000) in paragraph at lines 467--481

 []


Underfull \hbox (badness 10000) in paragraph at lines 467--481

 []


Underfull \hbox (badness 10000) in paragraph at lines 467--481

 []

[18] (./relazione.aux)
 ***********
LaTeX2e <2023-11-01> patch level 1
L3 programming layer <2024-01-22>
 ***********


LaTeX Warning: There were multiply-defined labels.

Package rerunfilecheck Info: File `relazione.out' has not changed.
(rerunfilecheck)             Checksum: E810BC811933FDCE6868BBA0FD025E09;8139.
 ) 
Here is how much of TeX's memory you used:
 11972 strings out of 474222
 189823 string characters out of 5748732
 1943975 words of memory out of 5000000
 33975 multiletter control sequences out of 15000+600000
 568738 words of font info for 77 fonts, out of 8000000 for 9000
 1141 hyphenation exceptions out of 8191
 75i,14n,79p,555b,581s stack positions out of 10000i,1000n,20000p,200000b,200000s
</usr/share/texlive/texmf-dist/fonts/type1/public/amsfonts/cm/cmbx10.pfb></us
r/share/texlive/texmf-dist/fonts/type1/public/amsfonts/cm/cmbx12.pfb></usr/shar
e/texlive/texmf-dist/fonts/type1/public/amsfonts/cm/cmbx7.pfb></usr/share/texli
ve/texmf-dist/fonts/type1/public/amsfonts/cm/cmex10.pfb></usr/share/texlive/tex
mf-dist/fonts/type1/public/amsfonts/cmextra/cmex9.pfb></usr/share/texlive/texmf
-dist/fonts/type1/public/amsfonts/cm/cmmi10.pfb></usr/share/texlive/texmf-dist/
fonts/type1/public/amsfonts/cm/cmmi5.pfb></usr/share/texlive/texmf-dist/fonts/t
ype1/public/amsfonts/cm/cmmi6.pfb></usr/share/texlive/texmf-dist/fonts/type1/pu
blic/amsfonts/cm/cmmi7.pfb></usr/share/texlive/texmf-dist/fonts/type1/public/am
sfonts/cm/cmmi9.pfb></usr/share/texlive/texmf-dist/fonts/type1/public/amsfonts/
cm/cmr10.pfb></usr/share/texlive/texmf-dist/fonts/type1/public/amsfonts/cm/cmr1
2.pfb></usr/share/texlive/texmf-dist/fonts/type1/public/amsfonts/cm/cmr5.pfb></
usr/share/texlive/texmf-dist/fonts/type1/public/amsfonts/cm/cmr6.pfb></usr/shar
e/texlive/texmf-dist/fonts/type1/public/amsfonts/cm/cmr7.pfb></usr/share/texliv
e/texmf-dist/fonts/type1/public/amsfonts/cm/cmr9.pfb></usr/share/texlive/texmf-
dist/fonts/type1/public/amsfonts/cm/cmsy10.pfb></usr/share/texlive/texmf-dist/f
onts/type1/public/amsfonts/cm/cmsy7.pfb></usr/share/texlive/texmf-dist/fonts/ty
pe1/public/amsfonts/cm/cmsy9.pfb></usr/share/texmf/fonts/type1/public/cm-super/
sfrm1000.pfb>
Output written on relazione.pdf (18 pages, 1109680 bytes).
PDF statistics:
 473 PDF objects out of 1000 (max. 8388607)
 393 compressed objects within 4 object streams
 104 named destinations out of 1000 (max. 500000)
 401 words of extra memory for PDF output out of 10000 (max. 10000000)

